app/build/intermediates/manifest_merge_blame_file/debug/manifest-merger-blame-debug-report.txt
1<?xml version="1.0" encoding="utf-8"?>
2<manifest xmlns:android="http://schemas.android.com/apk/res/android"
3    package="com.example.myproject"
4    android:versionCode="1"
5    android:versionName="1.0" >
6
7    <uses-sdk
8        android:minSdkVersion="19"
8-->src\main\AndroidManifest.xml
9        android:targetSdkVersion="28" />
9-->src\main\AndroidManifest.xml
10
11    <application
11-->src\main\AndroidManifest.xml:5:5-41:19
12        android:allowBackup="true"
12-->src\main\AndroidManifest.xml:6:9-35
13        android:appComponentFactory="androidx.core.app.CoreComponentFactory"
13-->[androidx.core:core:1.1.0] AndroidManifest.xml:24:18-86
14        android:debuggable="true"
15        android:icon="@mipmap/ic_launcher"
15-->src\main\AndroidManifest.xml:7:9-43
16        android:label="@string/app_name"
16-->src\main\AndroidManifest.xml:8:9-41
17        android:roundIcon="@mipmap/ic_launcher_round"
17-->src\main\AndroidManifest.xml:9:9-54
18        android:supportsRtl="true"
18-->src\main\AndroidManifest.xml:10:9-35
19        android:testOnly="true"
20        android:theme="@style/AppTheme" >
20-->src\main\AndroidManifest.xml:11:9-40
21        <activity android:name="com.example.myproject.activity211" />
21-->src\main\AndroidManifest.xml:12:9-58
21-->src\main\AndroidManifest.xml:12:19-46
22        <activity android:name="com.example.myproject.activity210" />
22-->src\main\AndroidManifest.xml:13:9-49
22-->src\main\AndroidManifest.xml:13:19-46
23        <activity android:name="com.example.myproject.activity29" />
23-->src\main\AndroidManifest.xml:14:9-48
23-->src\main\AndroidManifest.xml:14:19-45
24        <activity android:name="com.example.myproject.activity28" />
24-->src\main\AndroidManifest.xml:15:9-48
24-->src\main\AndroidManifest.xml:15:19-45
25        <activity android:name="com.example.myproject.activity27" />
25-->src\main\AndroidManifest.xml:16:9-48
25-->src\main\AndroidManifest.xml:16:19-45
26        <activity android:name="com.example.myproject.activity26" />
26-->src\main\AndroidManifest.xml:17:9-48
26-->src\main\AndroidManifest.xml:17:19-45
27        <activity android:name="com.example.myproject.activity25" />
27-->src\main\AndroidManifest.xml:18:9-48
27-->src\main\AndroidManifest.xml:18:19-45
28        <activity android:name="com.example.myproject.activity24" />
28-->src\main\AndroidManifest.xml:19:9-48
28-->src\main\AndroidManifest.xml:19:19-45
29        <activity android:name="com.example.myproject.activity23" />
29-->src\main\AndroidManifest.xml:20:9-48
29-->src\main\AndroidManifest.xml:20:19-45
30        <activity android:name="com.example.myproject.activity22" />
30-->src\main\AndroidManifest.xml:21:9-48
30-->src\main\AndroidManifest.xml:21:19-45
31        <activity android:name="com.example.myproject.activity21" />
31-->src\main\AndroidManifest.xml:22:9-48
31-->src\main\AndroidManifest.xml:22:19-45
32        <activity android:name="com.example.myproject.activity111" />
32-->src\main\AndroidManifest.xml:23:9-49
32-->src\main\AndroidManifest.xml:23:19-46
33        <activity android:name="com.example.myproject.activity110" />
33-->src\main\AndroidManifest.xml:24:9-49
33-->src\main\AndroidManifest.xml:24:19-46
34        <activity android:name="com.example.myproject.activity19" />
34-->src\main\AndroidManifest.xml:25:9-48
34-->src\main\AndroidManifest.xml:25:19-45
35        <activity android:name="com.example.myproject.activity18" />
35-->src\main\AndroidManifest.xml:26:9-48
35-->src\main\AndroidManifest.xml:26:19-45
36        <activity android:name="com.example.myproject.activity17" />
36-->src\main\AndroidManifest.xml:27:9-48
36-->src\main\AndroidManifest.xml:27:19-45
37        <activity android:name="com.example.myproject.activity16" />
37-->src\main\AndroidManifest.xml:28:9-48
37-->src\main\AndroidManifest.xml:28:19-45
38        <activity android:name="com.example.myproject.activity15" />
38-->src\main\AndroidManifest.xml:29:9-48
38-->src\main\AndroidManifest.xml:29:19-45
39        <activity android:name="com.example.myproject.activity14" />
39-->src\main\AndroidManifest.xml:30:9-48
39-->src\main\AndroidManifest.xml:30:19-45
40        <activity android:name="com.example.myproject.activity13" />
40-->src\main\AndroidManifest.xml:31:9-48
40-->src\main\AndroidManifest.xml:31:19-45
41        <activity android:name="com.example.myproject.activity12" />
41-->src\main\AndroidManifest.xml:32:9-48
41-->src\main\AndroidManifest.xml:32:19-45
42        <activity android:name="com.example.myproject.activity11" />
42-->src\main\AndroidManifest.xml:33:9-48
42-->src\main\AndroidManifest.xml:33:19-45
43        <activity android:name="com.example.myproject.MainActivity" >
43-->src\main\AndroidManifest.xml:34:9-40:20
43-->src\main\AndroidManifest.xml:34:19-47
44            <intent-filter>
44-->src\main\AndroidManifest.xml:35:13-39:29
45                <action android:name="android.intent.action.MAIN" />
45-->src\main\AndroidManifest.xml:36:17-69
45-->src\main\AndroidManifest.xml:36:25-66
46
47                <category android:name="android.intent.category.LAUNCHER" />
47-->src\main\AndroidManifest.xml:38:17-77
47-->src\main\AndroidManifest.xml:38:27-74
48            </intent-filter>
49        </activity>
50    </application>
51
52</manifest>